2023-06-09 03:08:15.257  INFO 17840 --- [main] com.cvg.quartzapp.QuartzAppApplication   : Starting QuartzAppApplication using Java 11.0.16.1 on cvillegas with PID 17840 (C:\Users\crist\IdeaProjects\quartz-app\target\classes started by crist in C:\Users\crist\IdeaProjects\quartz-app)
2023-06-09 03:08:15.258  INFO 17840 --- [main] com.cvg.quartzapp.QuartzAppApplication   : No active profile set, falling back to 1 default profile: "default"
2023-06-09 03:08:15.533  INFO 17840 --- [main] .s.d.r.c.RepositoryConfigurationDelegate : Bootstrapping Spring Data JPA repositories in DEFAULT mode.
2023-06-09 03:08:15.559  INFO 17840 --- [main] .s.d.r.c.RepositoryConfigurationDelegate : Finished Spring Data repository scanning in 21 ms. Found 1 JPA repository interfaces.
2023-06-09 03:08:15.766  INFO 17840 --- [main] o.s.b.w.embedded.tomcat.TomcatWebServer  : Tomcat initialized with port(s): 8080 (http)
2023-06-09 03:08:15.769  INFO 17840 --- [main] o.apache.catalina.core.StandardService   : Starting service [Tomcat]
2023-06-09 03:08:15.770  INFO 17840 --- [main] org.apache.catalina.core.StandardEngine  : Starting Servlet engine: [Apache Tomcat/9.0.71]
2023-06-09 03:08:15.825  INFO 17840 --- [main] o.a.c.c.C.[Tomcat].[localhost].[/]       : Initializing Spring embedded WebApplicationContext
2023-06-09 03:08:15.825  INFO 17840 --- [main] w.s.c.ServletWebServerApplicationContext : Root WebApplicationContext: initialization completed in 547 ms
2023-06-09 03:08:15.843  INFO 17840 --- [main] com.zaxxer.hikari.HikariDataSource       : HikariPool-1 - Starting...
2023-06-09 03:08:15.895  INFO 17840 --- [main] com.zaxxer.hikari.HikariDataSource       : HikariPool-1 - Start completed.
2023-06-09 03:08:15.901  INFO 17840 --- [main] o.s.b.a.h2.H2ConsoleAutoConfiguration    : H2 console available at '/h2-console'. Database available at 'jdbc:h2:mem:testdb'
2023-06-09 03:08:16.320 DEBUG 17840 --- [main] org.hibernate.SQL                        : drop table if exists scheduler_job_info CASCADE 
2023-06-09 03:08:16.321 DEBUG 17840 --- [main] org.hibernate.SQL                        : create table scheduler_job_info (job_id bigint generated by default as identity, cron_expression varchar(255), cron_job boolean, desc varchar(255), interface_name varchar(255), job_class varchar(255), job_group varchar(255), job_name varchar(255), job_status varchar(255), repeat_time bigint, primary key (job_id))
2023-06-09 03:08:16.329  INFO 17840 --- [main] j.LocalContainerEntityManagerFactoryBean : Initialized JPA EntityManagerFactory for persistence unit 'default'
2023-06-09 03:08:16.353  INFO 17840 --- [main] org.quartz.impl.StdSchedulerFactory      : Using default implementation for ThreadExecutor
2023-06-09 03:08:16.358  INFO 17840 --- [main] org.quartz.core.SchedulerSignalerImpl    : Initialized Scheduler Signaller of type: class org.quartz.core.SchedulerSignalerImpl
2023-06-09 03:08:16.358  INFO 17840 --- [main] org.quartz.core.QuartzScheduler          : Quartz Scheduler v.2.3.2 created.
2023-06-09 03:08:16.359  INFO 17840 --- [main] o.s.s.quartz.LocalDataSourceJobStore     : Using db table-based data access locking (synchronization).
2023-06-09 03:08:16.360  INFO 17840 --- [main] o.s.s.quartz.LocalDataSourceJobStore     : JobStoreCMT initialized.
2023-06-09 03:08:16.360  INFO 17840 --- [main] org.quartz.core.QuartzScheduler          : Scheduler meta-data: Quartz Scheduler (v2.3.2) 'schedulerFactoryBean' with instanceId 'NON_CLUSTERED'
  Scheduler class: 'org.quartz.core.QuartzScheduler' - running locally.
  NOT STARTED.
  Currently in standby mode.
  Number of jobs executed: 0
  Using thread pool 'org.quartz.simpl.SimpleThreadPool' - with 10 threads.
  Using job-store 'org.springframework.scheduling.quartz.LocalDataSourceJobStore' - which supports persistence. and is not clustered.

2023-06-09 03:08:16.360  INFO 17840 --- [main] org.quartz.impl.StdSchedulerFactory      : Quartz scheduler 'schedulerFactoryBean' initialized from an externally provided properties instance.
2023-06-09 03:08:16.360  INFO 17840 --- [main] org.quartz.impl.StdSchedulerFactory      : Quartz scheduler version: 2.3.2
2023-06-09 03:08:16.360  INFO 17840 --- [main] org.quartz.core.QuartzScheduler          : JobFactory set to: com.cvg.quartzapp.configuration.SchedulerJobFactory@1eabfad5
2023-06-09 03:08:16.514  WARN 17840 --- [main] JpaBaseConfiguration$JpaWebConfiguration : spring.jpa.open-in-view is enabled by default. Therefore, database queries may be performed during view rendering. Explicitly configure spring.jpa.open-in-view to disable this warning
2023-06-09 03:08:16.565 DEBUG 17840 --- [main] s.w.s.m.m.a.RequestMappingHandlerAdapter : ControllerAdvice beans: 0 @ModelAttribute, 0 @InitBinder, 1 RequestBodyAdvice, 1 ResponseBodyAdvice
2023-06-09 03:08:16.577  INFO 17840 --- [main] o.s.b.a.w.s.WelcomePageHandlerMapping    : Adding welcome page template: index
2023-06-09 03:08:16.597 DEBUG 17840 --- [main] s.w.s.m.m.a.RequestMappingHandlerMapping : 10 mappings in 'requestMappingHandlerMapping'
2023-06-09 03:08:16.608 DEBUG 17840 --- [main] o.s.w.s.handler.SimpleUrlHandlerMapping  : Patterns [/webjars/**, /**] in 'resourceHandlerMapping'
2023-06-09 03:08:16.612 DEBUG 17840 --- [main] .m.m.a.ExceptionHandlerExceptionResolver : ControllerAdvice beans: 0 @ExceptionHandler, 1 ResponseBodyAdvice
2023-06-09 03:08:16.674  INFO 17840 --- [main] o.s.b.w.embedded.tomcat.TomcatWebServer  : Tomcat started on port(s): 8080 (http) with context path ''
2023-06-09 03:08:16.675  INFO 17840 --- [main] o.s.s.quartz.SchedulerFactoryBean        : Starting Quartz Scheduler now
2023-06-09 03:08:16.696  INFO 17840 --- [main] o.s.s.quartz.LocalDataSourceJobStore     : Freed 0 triggers from 'acquired' / 'blocked' state.
2023-06-09 03:08:16.697  INFO 17840 --- [main] o.s.s.quartz.LocalDataSourceJobStore     : Recovering 0 jobs that were in-progress at the time of the last shut-down.
2023-06-09 03:08:16.697  INFO 17840 --- [main] o.s.s.quartz.LocalDataSourceJobStore     : Recovery complete.
2023-06-09 03:08:16.697  INFO 17840 --- [main] o.s.s.quartz.LocalDataSourceJobStore     : Removed 0 'complete' triggers.
2023-06-09 03:08:16.698  INFO 17840 --- [main] o.s.s.quartz.LocalDataSourceJobStore     : Removed 0 stale fired job entries.
2023-06-09 03:08:16.698  INFO 17840 --- [main] org.quartz.core.QuartzScheduler          : Scheduler schedulerFactoryBean_$_NON_CLUSTERED started.
2023-06-09 03:08:16.706  INFO 17840 --- [main] com.cvg.quartzapp.QuartzAppApplication   : Started QuartzAppApplication in 1.686 seconds (JVM running for 2.054)
2023-06-09 03:11:32.034  INFO 17840 --- [SpringApplicationShutdownHook] org.quartz.core.QuartzScheduler          : Scheduler schedulerFactoryBean_$_NON_CLUSTERED paused.
2023-06-09 03:11:32.068  INFO 17840 --- [SpringApplicationShutdownHook] o.s.s.quartz.SchedulerFactoryBean        : Shutting down Quartz Scheduler
2023-06-09 03:11:32.068  INFO 17840 --- [SpringApplicationShutdownHook] org.quartz.core.QuartzScheduler          : Scheduler schedulerFactoryBean_$_NON_CLUSTERED shutting down.
2023-06-09 03:11:32.068  INFO 17840 --- [SpringApplicationShutdownHook] org.quartz.core.QuartzScheduler          : Scheduler schedulerFactoryBean_$_NON_CLUSTERED paused.
2023-06-09 03:11:32.068  INFO 17840 --- [SpringApplicationShutdownHook] org.quartz.core.QuartzScheduler          : Scheduler schedulerFactoryBean_$_NON_CLUSTERED shutdown complete.
2023-06-09 03:11:32.068  INFO 17840 --- [SpringApplicationShutdownHook] j.LocalContainerEntityManagerFactoryBean : Closing JPA EntityManagerFactory for persistence unit 'default'
2023-06-09 03:11:32.069 DEBUG 17840 --- [SpringApplicationShutdownHook] org.hibernate.SQL                        : drop table if exists scheduler_job_info CASCADE 
2023-06-09 03:11:32.243  INFO 17840 --- [SpringApplicationShutdownHook] com.zaxxer.hikari.HikariDataSource       : HikariPool-1 - Shutdown initiated...
2023-06-09 03:11:32.245  INFO 17840 --- [SpringApplicationShutdownHook] com.zaxxer.hikari.HikariDataSource       : HikariPool-1 - Shutdown completed.
2023-06-09 03:11:36.251  INFO 6644 --- [main] com.cvg.quartzapp.QuartzAppApplication   : Starting QuartzAppApplication using Java 11.0.16.1 on cvillegas with PID 6644 (C:\Users\crist\IdeaProjects\quartz-app\target\classes started by crist in C:\Users\crist\IdeaProjects\quartz-app)
2023-06-09 03:11:36.253  INFO 6644 --- [main] com.cvg.quartzapp.QuartzAppApplication   : No active profile set, falling back to 1 default profile: "default"
2023-06-09 03:11:36.534  INFO 6644 --- [main] .s.d.r.c.RepositoryConfigurationDelegate : Bootstrapping Spring Data JPA repositories in DEFAULT mode.
2023-06-09 03:11:36.558  INFO 6644 --- [main] .s.d.r.c.RepositoryConfigurationDelegate : Finished Spring Data repository scanning in 19 ms. Found 1 JPA repository interfaces.
2023-06-09 03:11:36.772  INFO 6644 --- [main] o.s.b.w.embedded.tomcat.TomcatWebServer  : Tomcat initialized with port(s): 8080 (http)
2023-06-09 03:11:36.775  INFO 6644 --- [main] o.apache.catalina.core.StandardService   : Starting service [Tomcat]
2023-06-09 03:11:36.775  INFO 6644 --- [main] org.apache.catalina.core.StandardEngine  : Starting Servlet engine: [Apache Tomcat/9.0.71]
2023-06-09 03:11:36.834  INFO 6644 --- [main] o.a.c.c.C.[Tomcat].[localhost].[/]       : Initializing Spring embedded WebApplicationContext
2023-06-09 03:11:36.834  INFO 6644 --- [main] w.s.c.ServletWebServerApplicationContext : Root WebApplicationContext: initialization completed in 556 ms
2023-06-09 03:11:36.847  INFO 6644 --- [main] com.zaxxer.hikari.HikariDataSource       : HikariPool-1 - Starting...
2023-06-09 03:11:36.906  INFO 6644 --- [main] com.zaxxer.hikari.HikariDataSource       : HikariPool-1 - Start completed.
2023-06-09 03:11:36.911  INFO 6644 --- [main] o.s.b.a.h2.H2ConsoleAutoConfiguration    : H2 console available at '/h2-console'. Database available at 'jdbc:h2:mem:testdb'
2023-06-09 03:11:37.338 DEBUG 6644 --- [main] org.hibernate.SQL                        : drop table if exists scheduler_job_info CASCADE 
2023-06-09 03:11:37.340 DEBUG 6644 --- [main] org.hibernate.SQL                        : create table scheduler_job_info (job_id bigint generated by default as identity, cron_expression varchar(255), cron_job boolean, desc varchar(255), interface_name varchar(255), job_class varchar(255), job_group varchar(255), job_name varchar(255), job_status varchar(255), repeat_time bigint, primary key (job_id))
2023-06-09 03:11:37.348  INFO 6644 --- [main] j.LocalContainerEntityManagerFactoryBean : Initialized JPA EntityManagerFactory for persistence unit 'default'
2023-06-09 03:11:37.374  INFO 6644 --- [main] org.quartz.impl.StdSchedulerFactory      : Using default implementation for ThreadExecutor
2023-06-09 03:11:37.378  INFO 6644 --- [main] org.quartz.core.SchedulerSignalerImpl    : Initialized Scheduler Signaller of type: class org.quartz.core.SchedulerSignalerImpl
2023-06-09 03:11:37.378  INFO 6644 --- [main] org.quartz.core.QuartzScheduler          : Quartz Scheduler v.2.3.2 created.
2023-06-09 03:11:37.380  INFO 6644 --- [main] o.s.s.quartz.LocalDataSourceJobStore     : Using db table-based data access locking (synchronization).
2023-06-09 03:11:37.381  INFO 6644 --- [main] o.s.s.quartz.LocalDataSourceJobStore     : JobStoreCMT initialized.
2023-06-09 03:11:37.381  INFO 6644 --- [main] org.quartz.core.QuartzScheduler          : Scheduler meta-data: Quartz Scheduler (v2.3.2) 'schedulerFactoryBean' with instanceId 'NON_CLUSTERED'
  Scheduler class: 'org.quartz.core.QuartzScheduler' - running locally.
  NOT STARTED.
  Currently in standby mode.
  Number of jobs executed: 0
  Using thread pool 'org.quartz.simpl.SimpleThreadPool' - with 10 threads.
  Using job-store 'org.springframework.scheduling.quartz.LocalDataSourceJobStore' - which supports persistence. and is not clustered.

2023-06-09 03:11:37.381  INFO 6644 --- [main] org.quartz.impl.StdSchedulerFactory      : Quartz scheduler 'schedulerFactoryBean' initialized from an externally provided properties instance.
2023-06-09 03:11:37.381  INFO 6644 --- [main] org.quartz.impl.StdSchedulerFactory      : Quartz scheduler version: 2.3.2
2023-06-09 03:11:37.381  INFO 6644 --- [main] org.quartz.core.QuartzScheduler          : JobFactory set to: com.cvg.quartzapp.configuration.SchedulerJobFactory@6e0d058a
2023-06-09 03:11:37.553  WARN 6644 --- [main] JpaBaseConfiguration$JpaWebConfiguration : spring.jpa.open-in-view is enabled by default. Therefore, database queries may be performed during view rendering. Explicitly configure spring.jpa.open-in-view to disable this warning
2023-06-09 03:11:37.610 DEBUG 6644 --- [main] s.w.s.m.m.a.RequestMappingHandlerAdapter : ControllerAdvice beans: 0 @ModelAttribute, 0 @InitBinder, 1 RequestBodyAdvice, 1 ResponseBodyAdvice
2023-06-09 03:11:37.623  INFO 6644 --- [main] o.s.b.a.w.s.WelcomePageHandlerMapping    : Adding welcome page template: index
2023-06-09 03:11:37.644 DEBUG 6644 --- [main] s.w.s.m.m.a.RequestMappingHandlerMapping : 10 mappings in 'requestMappingHandlerMapping'
2023-06-09 03:11:37.652 DEBUG 6644 --- [main] o.s.w.s.handler.SimpleUrlHandlerMapping  : Patterns [/webjars/**, /**] in 'resourceHandlerMapping'
2023-06-09 03:11:37.656 DEBUG 6644 --- [main] .m.m.a.ExceptionHandlerExceptionResolver : ControllerAdvice beans: 0 @ExceptionHandler, 1 ResponseBodyAdvice
2023-06-09 03:11:37.715  INFO 6644 --- [main] o.s.b.w.embedded.tomcat.TomcatWebServer  : Tomcat started on port(s): 8080 (http) with context path ''
2023-06-09 03:11:37.716  INFO 6644 --- [main] o.s.s.quartz.SchedulerFactoryBean        : Starting Quartz Scheduler now
2023-06-09 03:11:37.726  INFO 6644 --- [main] o.s.s.quartz.LocalDataSourceJobStore     : Freed 0 triggers from 'acquired' / 'blocked' state.
2023-06-09 03:11:37.727  INFO 6644 --- [main] o.s.s.quartz.LocalDataSourceJobStore     : Recovering 0 jobs that were in-progress at the time of the last shut-down.
2023-06-09 03:11:37.728  INFO 6644 --- [main] o.s.s.quartz.LocalDataSourceJobStore     : Recovery complete.
2023-06-09 03:11:37.728  INFO 6644 --- [main] o.s.s.quartz.LocalDataSourceJobStore     : Removed 0 'complete' triggers.
2023-06-09 03:11:37.728  INFO 6644 --- [main] o.s.s.quartz.LocalDataSourceJobStore     : Removed 0 stale fired job entries.
2023-06-09 03:11:37.728  INFO 6644 --- [main] org.quartz.core.QuartzScheduler          : Scheduler schedulerFactoryBean_$_NON_CLUSTERED started.
2023-06-09 03:11:37.735  INFO 6644 --- [main] com.cvg.quartzapp.QuartzAppApplication   : Started QuartzAppApplication in 1.683 seconds (JVM running for 2.051)
2023-06-09 03:12:14.874  INFO 6644 --- [SpringApplicationShutdownHook] org.quartz.core.QuartzScheduler          : Scheduler schedulerFactoryBean_$_NON_CLUSTERED paused.
2023-06-09 03:12:14.909  INFO 6644 --- [SpringApplicationShutdownHook] o.s.s.quartz.SchedulerFactoryBean        : Shutting down Quartz Scheduler
2023-06-09 03:12:14.909  INFO 6644 --- [SpringApplicationShutdownHook] org.quartz.core.QuartzScheduler          : Scheduler schedulerFactoryBean_$_NON_CLUSTERED shutting down.
2023-06-09 03:12:14.909  INFO 6644 --- [SpringApplicationShutdownHook] org.quartz.core.QuartzScheduler          : Scheduler schedulerFactoryBean_$_NON_CLUSTERED paused.
2023-06-09 03:12:14.910  INFO 6644 --- [SpringApplicationShutdownHook] org.quartz.core.QuartzScheduler          : Scheduler schedulerFactoryBean_$_NON_CLUSTERED shutdown complete.
2023-06-09 03:12:14.910  INFO 6644 --- [SpringApplicationShutdownHook] j.LocalContainerEntityManagerFactoryBean : Closing JPA EntityManagerFactory for persistence unit 'default'
2023-06-09 03:12:14.910 DEBUG 6644 --- [SpringApplicationShutdownHook] org.hibernate.SQL                        : drop table if exists scheduler_job_info CASCADE 
2023-06-09 03:12:15.077  INFO 6644 --- [SpringApplicationShutdownHook] com.zaxxer.hikari.HikariDataSource       : HikariPool-1 - Shutdown initiated...
2023-06-09 03:12:15.079  INFO 6644 --- [SpringApplicationShutdownHook] com.zaxxer.hikari.HikariDataSource       : HikariPool-1 - Shutdown completed.
